yarn run v1.22.19
$ next build
info  - Linting and checking validity of types...
info  - Creating an optimized production build...
info  - Compiled successfully
info  - Collecting page data...
info  - Generating static pages (0/8)
✅ Pylar AI
info  - Generating static pages (2/8)
✅ Pylar AI
✅ Pylar AI
✅ Pylar AI
info  - Generating static pages (4/8)
info  - Generating static pages (6/8)
✅ Pylar AI
✅ Pylar AI
info  - Generating static pages (8/8)
info  - Finalizing page optimization...

Route (pages)                              Size     First Load JS
┌ ○ / (506 ms)                             1.58 kB         150 kB
├   /_app                                  0 B            73.2 kB
├ ○ /404                                   181 B          73.4 kB
├ ○ /black-holes (474 ms)                  1.16 kB         149 kB
├ ○ /inverstors                            1.26 kB         118 kB
├ ○ /pylar-license (498 ms)                626 B           149 kB
├ ○ /sales (517 ms)                        785 B           149 kB
└ ○ /what-is-pylar                         1.67 kB         150 kB
+ First Load JS shared by all              76.7 kB
  ├ chunks/framework-aedff47d294e0670.js   45.4 kB
  ├ chunks/main-b8adf948f7f01545.js        26.7 kB
  ├ chunks/pages/_app-bfc035635fd11892.js  317 B
  ├ chunks/webpack-ee7e63bc15b31913.js     815 B
  └ css/b5db3417899d5f09.css               3.48 kB

○  (Static)  automatically rendered as static HTML (uses no initial props)

Done in 8.92s.
