yarn run v1.22.19
$ tsup src/index.tsx --format esm,cjs --dts --external react && tailwindcss -i ./src/styles.css -o ./dist/styles.css
CLI Building entry: src/index.tsx
CLI Using tsconfig: tsconfig.json
CLI tsup v6.5.0
CLI Target: es6
ESM Build start
CJS Build start
CJS dist/index.css 419.00 B
CJS dist/index.js  296.53 KB
CJS ⚡️ Build success in 809ms
ESM dist/index.mjs 291.38 KB
ESM dist/index.css 419.00 B
ESM ⚡️ Build success in 815ms
DTS Build start
DTS ⚡️ Build success in 4610ms
DTS dist/index.d.ts 887.00 B

Rebuilding...

Done in 565ms.
Done in 9.51s.
